Using pre-set license
Built from '2020.3/staging' branch; Version is '2020.3.6f1 (338bb68529b2) revision 3378102'; Using compiler version '192528614'; Build Type 'Release'
OS: 'Windows 10 Home Single Language; OS build 19042.1110; Version 2009; 64bit' Language: 'ru' Physical Memory: 8128 MB
BatchMode: 1, IsHumanControllingUs: 0, StartBugReporterOnCrash: 0, Is64bit: 1, IsPro: 0

 COMMAND LINE ARGUMENTS:
C:\Program Files\Unity\Hub\Editor\2020.3.6f1\Editor\Unity.exe
-adb2
-batchMode
-noUpm
-name
AssetImportWorker0
-projectPath
D:/Progs/Unity/IJunior/Task5Git/IJuniorTask5
-logFile
Logs/AssetImportWorker0.log
-srvPort
50595
Successfully changed project path to: D:/Progs/Unity/IJunior/Task5Git/IJuniorTask5
D:/Progs/Unity/IJunior/Task5Git/IJuniorTask5
Using Asset Import Pipeline V2.
Refreshing native plugins compatible for Editor in 29.54 ms, found 0 plugins.
Preloading 0 native plugins for Editor in 0.00 ms.
Initialize engine version: 2020.3.6f1 (338bb68529b2)
[Subsystems] Discovering subsystems at path C:/Program Files/Unity/Hub/Editor/2020.3.6f1/Editor/Data/Resources/UnitySubsystems
[Subsystems] Discovering subsystems at path D:/Progs/Unity/IJunior/Task5Git/IJuniorTask5/Assets
GfxDevice: creating device client; threaded=0
Direct3D:
    Version:  Direct3D 11.0 [level 11.1]
    Renderer: Radeon RX 580 Series (ID=0x67df)
    Vendor:   
    VRAM:     4075 MB
    Driver:   27.20.1034.6
Initialize mono
Mono path[0] = 'C:/Program Files/Unity/Hub/Editor/2020.3.6f1/Editor/Data/Managed'
Mono path[1] = 'C:/Program Files/Unity/Hub/Editor/2020.3.6f1/Editor/Data/MonoBleedingEdge/lib/mono/unityjit'
Mono config path = 'C:/Program Files/Unity/Hub/Editor/2020.3.6f1/Editor/Data/MonoBleedingEdge/etc'
Using monoOptions --debugger-agent=transport=dt_socket,embedding=1,server=y,suspend=n,address=127.0.0.1:56624
Begin MonoManager ReloadAssembly
Registering precompiled unity dll's ...
Register platform support module: C:/Program Files/Unity/Hub/Editor/2020.3.6f1/Editor/Data/PlaybackEngines/WebGLSupport/UnityEditor.WebGL.Extensions.dll
Register platform support module: C:/Program Files/Unity/Hub/Editor/2020.3.6f1/Editor/Data/PlaybackEngines/WindowsStandaloneSupport/UnityEditor.WindowsStandalone.Extensions.dll
Registered in 0.003530 seconds.
Native extension for WindowsStandalone target not found
Native extension for WebGL target not found
Refreshing native plugins compatible for Editor in 30.41 ms, found 0 plugins.
Preloading 0 native plugins for Editor in 0.00 ms.
Mono: successfully reloaded assembly
- Completed reload, in  1.660 seconds
Platform modules already initialized, skipping
Registering precompiled user dll's ...
Registered in 0.000736 seconds.
Begin MonoManager ReloadAssembly
Native extension for WindowsStandalone target not found
Native extension for WebGL target not found
Refreshing native plugins compatible for Editor in 0.26 ms, found 0 plugins.
Preloading 0 native plugins for Editor in 0.00 ms.
Mono: successfully reloaded assembly
- Completed reload, in  1.111 seconds
Platform modules already initialized, skipping
========================================================================
Worker process is ready to serve import requests
Launched and connected shader compiler UnityShaderCompiler.exe after 0.05 seconds
Refreshing native plugins compatible for Editor in 0.26 ms, found 0 plugins.
Preloading 0 native plugins for Editor in 0.00 ms.
Unloading 1120 Unused Serialized files (Serialized files now loaded: 0)
System memory in use before: 57.7 MB.
System memory in use after: 57.7 MB.

Unloading 10 unused Assets to reduce memory usage. Loaded Objects now: 1563.
Total: 2.217400 ms (FindLiveObjects: 0.291500 ms CreateObjectMapping: 0.057200 ms MarkObjects: 1.770800 ms  DeleteObjects: 0.095600 ms)

========================================================================
Received Import Request.
  path: Assets/Scripts/Alarm.cs
  artifactKey: Guid(d0148f047b496f949bfd33296801e9f7) Importer(815301076,1909f56bfc062723c751e8b465ee728b)
Start importing Assets/Scripts/Alarm.cs using Guid(d0148f047b496f949bfd33296801e9f7) Importer(815301076,1909f56bfc062723c751e8b465ee728b)  -> (artifact id: '01dd974cf309ad557fbc51f651857fdf') in 0.042844 seconds
  Import took 0.045209 seconds .

========================================================================
Received Import Request.
  Time since last request: 23.451254 seconds.
  path: Assets/Scripts/Alarm.cs
  artifactKey: Guid(d0148f047b496f949bfd33296801e9f7) Importer(815301076,1909f56bfc062723c751e8b465ee728b)
Start importing Assets/Scripts/Alarm.cs using Guid(d0148f047b496f949bfd33296801e9f7) Importer(815301076,1909f56bfc062723c751e8b465ee728b)  -> (artifact id: '4a007b01f7cc18f55dc49c254173baf2') in 0.002171 seconds
  Import took 0.004671 seconds .

========================================================================
Received Import Request.
  Time since last request: 2.923959 seconds.
  path: Assets/Scripts/Alarm.cs
  artifactKey: Guid(d0148f047b496f949bfd33296801e9f7) Importer(815301076,1909f56bfc062723c751e8b465ee728b)
Start importing Assets/Scripts/Alarm.cs using Guid(d0148f047b496f949bfd33296801e9f7) Importer(815301076,1909f56bfc062723c751e8b465ee728b)  -> (artifact id: '8cfc270243163443f81c6d3dfac61490') in 0.002058 seconds
  Import took 0.004813 seconds .

========================================================================
Received Import Request.
  Time since last request: 11.513558 seconds.
  path: Assets/Scripts/Alarm.cs
  artifactKey: Guid(d0148f047b496f949bfd33296801e9f7) Importer(815301076,1909f56bfc062723c751e8b465ee728b)
Start importing Assets/Scripts/Alarm.cs using Guid(d0148f047b496f949bfd33296801e9f7) Importer(815301076,1909f56bfc062723c751e8b465ee728b)  -> (artifact id: '5dd5ef83eb351b2dbda480e4c064dedb') in 0.001873 seconds
  Import took 0.004313 seconds .

========================================================================
Received Import Request.
  Time since last request: 19.608891 seconds.
  path: Assets/Scripts/Alarm.cs
  artifactKey: Guid(d0148f047b496f949bfd33296801e9f7) Importer(815301076,1909f56bfc062723c751e8b465ee728b)
Start importing Assets/Scripts/Alarm.cs using Guid(d0148f047b496f949bfd33296801e9f7) Importer(815301076,1909f56bfc062723c751e8b465ee728b)  -> (artifact id: '77eb09e8d185ba652aef626b49e8726a') in 0.002564 seconds
  Import took 0.005320 seconds .

========================================================================
Received Prepare
Registering precompiled user dll's ...
Registered in 0.000596 seconds.
Begin MonoManager ReloadAssembly
Native extension for WindowsStandalone target not found
Native extension for WebGL target not found
Refreshing native plugins compatible for Editor in 0.28 ms, found 0 plugins.
Preloading 0 native plugins for Editor in 0.00 ms.
Mono: successfully reloaded assembly
- Completed reload, in  0.977 seconds
Platform modules already initialized, skipping
Refreshing native plugins compatible for Editor in 0.26 ms, found 0 plugins.
Preloading 0 native plugins for Editor in 0.00 ms.
Unloading 1115 Unused Serialized files (Serialized files now loaded: 0)
System memory in use before: 57.6 MB.
System memory in use after: 57.7 MB.

Unloading 5 unused Assets to reduce memory usage. Loaded Objects now: 1566.
Total: 2.156500 ms (FindLiveObjects: 0.177700 ms CreateObjectMapping: 0.035200 ms MarkObjects: 1.869800 ms  DeleteObjects: 0.072100 ms)

AssetImportWorkerClient::OnTransportError - code=2 error=End of file
